<?xml version="1.0" encoding="UTF-8"?>
<!-- Generated by org.testng.reporters.JUnitXMLReporter -->
<testsuite ignored="0" hostname="BAC033" failures="0" tests="7" name="Default test" time="0.046" errors="0" timestamp="2024-02-12T11:30:41 IST">
  <testcase classname="com.Cosmoslots.utilities.BaseClass" name="@BeforeSuite setup" time="-1.707717641801E9">
    <failure type="org.testng.TestNGException" message="
Parameter &amp;apos;browser&amp;apos; is required by BeforeSuite on method setup but has not been marked @Optional or defined
in C:\Users\shrikrushna.sonkar\AppData\Local\Temp\testng-eclipse-265870280\testng-customsuite.xml">
      <![CDATA[org.testng.TestNGException: 
Parameter 'browser' is required by BeforeSuite on method setup but has not been marked @Optional or defined
in C:\Users\shrikrushna.sonkar\AppData\Local\Temp\testng-eclipse-265870280\testng-customsuite.xml
at org.testng.internal.Parameters.createParams(Parameters.java:267)
at org.testng.internal.Parameters.createParametersForMethod(Parameters.java:355)
at org.testng.internal.Parameters.createParameters(Parameters.java:684)
at org.testng.internal.Parameters.createConfigurationParameters(Parameters.java:166)
at org.testng.internal.invokers.ConfigInvoker.invokeConfigurations(ConfigInvoker.java:306)
at org.testng.SuiteRunner.privateRun(SuiteRunner.java:382)
at org.testng.SuiteRunner.run(SuiteRunner.java:336)
at org.testng.SuiteRunnerWorker.runSuite(SuiteRunnerWorker.java:52)
at org.testng.SuiteRunnerWorker.run(SuiteRunnerWorker.java:95)
at org.testng.TestNG.runSuitesSequentially(TestNG.java:1280)
at org.testng.TestNG.runSuitesLocally(TestNG.java:1200)
at org.testng.TestNG.runSuites(TestNG.java:1114)
at org.testng.TestNG.run(TestNG.java:1082)
at org.testng.remote.AbstractRemoteTestNG.run(AbstractRemoteTestNG.java:115)
at org.testng.remote.RemoteTestNG.initAndRun(RemoteTestNG.java:251)
at org.testng.remote.RemoteTestNG.main(RemoteTestNG.java:77)
]]>
    </failure>
  </testcase> <!-- @BeforeSuite setup -->
  <testcase classname="com.Cosmoslots.utilities.BaseClass" name="@BeforeClass extentsetup" time="0.0">
    <skipped/>
  </testcase> <!-- @BeforeClass extentsetup -->
  <testcase classname="com.Cosmoslots.utilities.BaseClass" name="@AfterMethod getResult" time="0.0">
    <skipped/>
  </testcase> <!-- @AfterMethod getResult -->
  <testcase classname="com.Cosmoslots.utilities.BaseClass" name="@AfterMethod getResult" time="0.0">
    <skipped/>
  </testcase> <!-- @AfterMethod getResult -->
  <testcase classname="com.Cosmoslots.utilities.BaseClass" name="@AfterMethod getResult" time="0.0">
    <skipped/>
  </testcase> <!-- @AfterMethod getResult -->
  <testcase classname="com.Cosmoslots.utilities.BaseClass" name="@AfterMethod getResult" time="0.0">
    <skipped/>
  </testcase> <!-- @AfterMethod getResult -->
  <testcase classname="com.Cosmoslots.utilities.BaseClass" name="@AfterMethod getResult" time="0.0">
    <skipped/>
  </testcase> <!-- @AfterMethod getResult -->
  <testcase classname="com.Cosmoslots.utilities.BaseClass" name="@AfterMethod getResult" time="0.0">
    <skipped/>
  </testcase> <!-- @AfterMethod getResult -->
  <testcase classname="com.Cosmoslots.utilities.BaseClass" name="@AfterMethod getResult" time="0.0">
    <skipped/>
  </testcase> <!-- @AfterMethod getResult -->
  <testcase classname="com.Cosmoslots.utilities.BaseClass" name="@AfterClass reportflush" time="0.0">
    <skipped/>
  </testcase> <!-- @AfterClass reportflush -->
  <testcase classname="com.Cosmoslots.testCases.WithdrawRequests" name="A_TC_WithdrawRequest_ViewScreen" time="0.0">
    <skipped/>
  </testcase> <!-- A_TC_WithdrawRequest_ViewScreen -->
  <testcase classname="com.Cosmoslots.testCases.WithdrawRequests" name="B_TC_WithdrawRequest_ViewList" time="0.0">
    <skipped/>
  </testcase> <!-- B_TC_WithdrawRequest_ViewList -->
  <testcase classname="com.Cosmoslots.testCases.WithdrawRequests" name="C_TC_WithdrawRequest_Search" time="0.0">
    <skipped/>
  </testcase> <!-- C_TC_WithdrawRequest_Search -->
  <testcase classname="com.Cosmoslots.testCases.WithdrawRequests" name="D_TC_WithdrawRequest_ActionView" time="0.0">
    <skipped/>
  </testcase> <!-- D_TC_WithdrawRequest_ActionView -->
  <testcase classname="com.Cosmoslots.testCases.WithdrawRequests" name="E_TC_WithdrawRequestCreateNew" time="0.0">
    <skipped/>
  </testcase> <!-- E_TC_WithdrawRequestCreateNew -->
  <testcase classname="com.Cosmoslots.testCases.WithdrawRequests" name="F_WithdrawRequest_Excel" time="0.0">
    <skipped/>
  </testcase> <!-- F_WithdrawRequest_Excel -->
  <testcase classname="com.Cosmoslots.testCases.WithdrawRequests" name="G_TC_PlayerWithdrawAmount_UsingPaymentMethod" time="0.0">
    <skipped/>
  </testcase> <!-- G_TC_PlayerWithdrawAmount_UsingPaymentMethod -->
</testsuite> <!-- Default test -->
