<?xml version="1.0" encoding="UTF-8"?>
<!-- Generated by org.testng.reporters.JUnitXMLReporter -->
<testsuite ignored="0" hostname="BAC033" failures="0" tests="5" name="ChromeTest" time="0.037" errors="0" timestamp="2024-02-08T12:00:36 IST">
  <testcase classname="com.Cosmoslots.utilities.BaseClass" name="@BeforeSuite setup" time="0.053">
    <failure type="java.lang.NullPointerException" message="Cannot invoke &amp;quot;org.openqa.selenium.WebDriver.manage()&amp;quot; because &amp;quot;com.Cosmoslots.utilities.BaseClass.driver&amp;quot; is null">
      <![CDATA[java.lang.NullPointerException: Cannot invoke "org.openqa.selenium.WebDriver.manage()" because "com.Cosmoslots.utilities.BaseClass.driver" is null
at com.Cosmoslots.utilities.BaseClass.setup(BaseClass.java:126)
... Removed 19 stack frames]]>
    </failure>
  </testcase> <!-- @BeforeSuite setup -->
  <testcase classname="com.Cosmoslots.utilities.BaseClass" name="@BeforeClass extentsetup" time="0.0">
    <skipped/>
  </testcase> <!-- @BeforeClass extentsetup -->
  <testcase classname="com.Cosmoslots.utilities.BaseClass" name="@AfterMethod getResult" time="0.0">
    <skipped/>
  </testcase> <!-- @AfterMethod getResult -->
  <testcase classname="com.Cosmoslots.utilities.BaseClass" name="@AfterMethod getResult" time="0.0">
    <skipped/>
  </testcase> <!-- @AfterMethod getResult -->
  <testcase classname="com.Cosmoslots.utilities.BaseClass" name="@AfterMethod getResult" time="0.0">
    <skipped/>
  </testcase> <!-- @AfterMethod getResult -->
  <testcase classname="com.Cosmoslots.utilities.BaseClass" name="@AfterMethod getResult" time="0.0">
    <skipped/>
  </testcase> <!-- @AfterMethod getResult -->
  <testcase classname="com.Cosmoslots.utilities.BaseClass" name="@AfterMethod getResult" time="0.0">
    <skipped/>
  </testcase> <!-- @AfterMethod getResult -->
  <testcase classname="com.Cosmoslots.utilities.BaseClass" name="@AfterClass reportflush" time="0.0">
    <skipped/>
  </testcase> <!-- @AfterClass reportflush -->
  <testcase classname="com.Cosmoslots.testCases.PlayerDeletionHistory" name="A_TC_PlayerDeletionHistory_Redirect" time="0.0">
    <skipped/>
  </testcase> <!-- A_TC_PlayerDeletionHistory_Redirect -->
  <testcase classname="com.Cosmoslots.testCases.PlayerDeletionHistory" name="B_TC_PlayerDeletionHistory_ViewList" time="0.0">
    <skipped/>
  </testcase> <!-- B_TC_PlayerDeletionHistory_ViewList -->
  <testcase classname="com.Cosmoslots.testCases.PlayerDeletionHistory" name="D_TC_PlayerDeletionHistory_DownloadExcel" time="0.0">
    <skipped/>
  </testcase> <!-- D_TC_PlayerDeletionHistory_DownloadExcel -->
  <testcase classname="com.Cosmoslots.testCases.PlayerDeletionHistory" name="E_TC_PlayerDeletionHistory_Search" time="0.0">
    <skipped/>
  </testcase> <!-- E_TC_PlayerDeletionHistory_Search -->
  <testcase classname="com.Cosmoslots.testCases.PlayerDeletionHistory" name="F_TC_PlayerDeletionHistory_ViewDeletedPlayerDetails" time="0.0">
    <skipped/>
  </testcase> <!-- F_TC_PlayerDeletionHistory_ViewDeletedPlayerDetails -->
</testsuite> <!-- ChromeTest -->
