<?xml version="1.0" encoding="UTF-8"?>
<!-- Generated by org.testng.reporters.JUnitXMLReporter -->
<testsuite ignored="0" hostname="BAC033" failures="0" tests="5" name="FirefoxTest" time="0.044" errors="0" timestamp="2024-02-08T11:59:43 IST">
  <testcase classname="com.Cosmoslots.testCases.PlayerDeletionHistory" name="A_TC_PlayerDeletionHistory_Redirect" time="0.001">
    <skipped/>
  </testcase> <!-- A_TC_PlayerDeletionHistory_Redirect -->
  <testcase classname="com.Cosmoslots.testCases.PlayerDeletionHistory" name="B_TC_PlayerDeletionHistory_ViewList" time="0.0">
    <skipped/>
  </testcase> <!-- B_TC_PlayerDeletionHistory_ViewList -->
  <testcase classname="com.Cosmoslots.testCases.PlayerDeletionHistory" name="D_TC_PlayerDeletionHistory_DownloadExcel" time="0.0">
    <skipped/>
  </testcase> <!-- D_TC_PlayerDeletionHistory_DownloadExcel -->
  <testcase classname="com.Cosmoslots.testCases.PlayerDeletionHistory" name="E_TC_PlayerDeletionHistory_Search" time="0.0">
    <skipped/>
  </testcase> <!-- E_TC_PlayerDeletionHistory_Search -->
  <testcase classname="com.Cosmoslots.testCases.PlayerDeletionHistory" name="F_TC_PlayerDeletionHistory_ViewDeletedPlayerDetails" time="0.0">
    <skipped/>
  </testcase> <!-- F_TC_PlayerDeletionHistory_ViewDeletedPlayerDetails -->
</testsuite> <!-- FirefoxTest -->
