<?xml version="1.0" encoding="UTF-8"?>
<!-- Generated by org.testng.reporters.JUnitXMLReporter -->
<testsuite ignored="2" hostname="BAC033" failures="0" tests="3" name="admin" time="12.731" errors="0" timestamp="22 Nov 2022 05:04:42 GMT">
  <testcase classname="com.Cosmoslots.testCases.PlayerDeletionHistory" name="A_TC_PlayerDeletionHistory_Redirect" time="8.274"/>
  <testcase classname="com.Cosmoslots.testCases.PlayerDeletionHistory" name="B_TC_PlayerDeletionHistory_ViewList" time="0.808"/>
  <testcase classname="com.Cosmoslots.testCases.PlayerDeletionHistory" name="D_TC_PlayerDeletionHistory_DownloadExcel" time="3.635"/>
  <testcase classname="com.Cosmoslots.testCases.PlayerDeletionHistory" name="E_TC_PlayerDeletionHistory_Search" time="0.0">
    <ignored/>
  </testcase> <!-- E_TC_PlayerDeletionHistory_Search -->
  <testcase classname="com.Cosmoslots.testCases.PlayerDeletionHistory" name="C_TC_PlayerDeletionHistory_DownloadPDF" time="0.0">
    <ignored/>
  </testcase> <!-- C_TC_PlayerDeletionHistory_DownloadPDF -->
</testsuite> <!-- admin -->
