<?xml version="1.0" encoding="UTF-8"?>
<testng-results ignored="0" total="15" passed="15" failed="0" skipped="0">
  <reporter-output>
  </reporter-output>
  <suite started-at="2024-02-13T10:49:45 IST" name="Cosmoslots" finished-at="2024-02-13T10:53:56 IST" duration-ms="250968">
    <groups>
      <group name="website">
        <method signature="PlayerDeletionHistory.A_TC_PlayerDeletionHistory_Redirect()[pri:0, instance:com.Cosmoslots.testCases.PlayerDeletionHistory@f79e]" name="A_TC_PlayerDeletionHistory_Redirect" class="com.Cosmoslots.testCases.PlayerDeletionHistory"/>
        <method signature="PlayerDeletionHistory.D_TC_PlayerDeletionHistory_DownloadExcel()[pri:0, instance:com.Cosmoslots.testCases.PlayerDeletionHistory@f79e]" name="D_TC_PlayerDeletionHistory_DownloadExcel" class="com.Cosmoslots.testCases.PlayerDeletionHistory"/>
        <method signature="PlayerDeletionHistory.E_TC_PlayerDeletionHistory_Search()[pri:0, instance:com.Cosmoslots.testCases.PlayerDeletionHistory@f79e]" name="E_TC_PlayerDeletionHistory_Search" class="com.Cosmoslots.testCases.PlayerDeletionHistory"/>
      </group> <!-- website -->
      <group name="admin">
        <method signature="PlayerDeletionHistory.A_TC_PlayerDeletionHistory_Redirect()[pri:0, instance:com.Cosmoslots.testCases.PlayerDeletionHistory@f79e]" name="A_TC_PlayerDeletionHistory_Redirect" class="com.Cosmoslots.testCases.PlayerDeletionHistory"/>
        <method signature="PlayerDeletionHistory.B_TC_PlayerDeletionHistory_ViewList()[pri:0, instance:com.Cosmoslots.testCases.PlayerDeletionHistory@f79e]" name="B_TC_PlayerDeletionHistory_ViewList" class="com.Cosmoslots.testCases.PlayerDeletionHistory"/>
        <method signature="PlayerDeletionHistory.D_TC_PlayerDeletionHistory_DownloadExcel()[pri:0, instance:com.Cosmoslots.testCases.PlayerDeletionHistory@f79e]" name="D_TC_PlayerDeletionHistory_DownloadExcel" class="com.Cosmoslots.testCases.PlayerDeletionHistory"/>
      </group> <!-- admin -->
    </groups>
    <test started-at="2024-02-13T10:49:45 IST" name="Cosmoslot" finished-at="2024-02-13T10:53:56 IST" duration-ms="250968">
      <class name="com.Cosmoslots.testCases.BlockList">
        <test-method is-config="true" signature="setup(java.lang.String)[pri:0, instance:com.Cosmoslots.testCases.BlockList@1190200a]" started-at="2024-02-13T10:48:51 IST" name="setup" finished-at="2024-02-13T10:49:45 IST" duration-ms="53164" status="PASS">
          <params>
            <param index="0">
              <value>
                <![CDATA[chrome]]>
              </value>
            </param>
          </params>
          <reporter-output>
          </reporter-output>
        </test-method> <!-- setup -->
        <test-method is-config="true" signature="extentsetup()[pri:0, instance:com.Cosmoslots.testCases.BlockList@1190200a]" started-at="2024-02-13T10:49:45 IST" name="extentsetup" finished-at="2024-02-13T10:49:45 IST" duration-ms="0" status="PASS">
          <reporter-output>
          </reporter-output>
        </test-method> <!-- extentsetup -->
        <test-method signature="A_TC_Block_PlayerData_Country()[pri:0, instance:com.Cosmoslots.testCases.BlockList@1190200a]" started-at="2024-02-13T10:49:45 IST" name="A_TC_Block_PlayerData_Country" finished-at="2024-02-13T10:49:55 IST" duration-ms="10356" status="PASS">
          <reporter-output>
          </reporter-output>
        </test-method> <!-- A_TC_Block_PlayerData_Country -->
        <test-method is-config="true" signature="getResult(org.testng.ITestResult)[pri:0, instance:com.Cosmoslots.testCases.BlockList@1190200a]" started-at="2024-02-13T10:49:55 IST" name="getResult" finished-at="2024-02-13T10:49:55 IST" duration-ms="4" status="PASS">
          <params>
            <param index="0">
              <value>
                <![CDATA[[TestResult name=A_TC_Block_PlayerData_Country status=SUCCESS method=BlockList.A_TC_Block_PlayerData_Country()[pri:0, instance:com.Cosmoslots.testCases.BlockList@1190200a] output={null}]]]>
              </value>
            </param>
          </params>
          <reporter-output>
          </reporter-output>
        </test-method> <!-- getResult -->
        <test-method signature="Ba_TC_Block_PlayerData_Email()[pri:0, instance:com.Cosmoslots.testCases.BlockList@1190200a]" started-at="2024-02-13T10:49:55 IST" name="Ba_TC_Block_PlayerData_Email" finished-at="2024-02-13T10:50:05 IST" duration-ms="10114" status="PASS">
          <reporter-output>
          </reporter-output>
        </test-method> <!-- Ba_TC_Block_PlayerData_Email -->
        <test-method is-config="true" signature="getResult(org.testng.ITestResult)[pri:0, instance:com.Cosmoslots.testCases.BlockList@1190200a]" started-at="2024-02-13T10:50:05 IST" name="getResult" finished-at="2024-02-13T10:50:05 IST" duration-ms="1" status="PASS">
          <params>
            <param index="0">
              <value>
                <![CDATA[[TestResult name=Ba_TC_Block_PlayerData_Email status=SUCCESS method=BlockList.Ba_TC_Block_PlayerData_Email()[pri:0, instance:com.Cosmoslots.testCases.BlockList@1190200a] output={null}]]]>
              </value>
            </param>
          </params>
          <reporter-output>
          </reporter-output>
        </test-method> <!-- getResult -->
        <test-method signature="Bc_TC_Block_PlayerData_firstName()[pri:0, instance:com.Cosmoslots.testCases.BlockList@1190200a]" started-at="2024-02-13T10:50:05 IST" name="Bc_TC_Block_PlayerData_firstName" finished-at="2024-02-13T10:50:14 IST" duration-ms="9248" status="PASS">
          <reporter-output>
          </reporter-output>
        </test-method> <!-- Bc_TC_Block_PlayerData_firstName -->
        <test-method signature="Bd_TC_Block_PlayerData_lastName()[pri:0, instance:com.Cosmoslots.testCases.BlockList@1190200a]" started-at="2024-02-13T10:50:14 IST" name="Bd_TC_Block_PlayerData_lastName" finished-at="2024-02-13T10:50:23 IST" duration-ms="8695" status="PASS">
          <reporter-output>
          </reporter-output>
        </test-method> <!-- Bd_TC_Block_PlayerData_lastName -->
        <test-method is-config="true" signature="getResult(org.testng.ITestResult)[pri:0, instance:com.Cosmoslots.testCases.BlockList@1190200a]" started-at="2024-02-13T10:50:14 IST" name="getResult" finished-at="2024-02-13T10:50:14 IST" duration-ms="0" status="PASS">
          <params>
            <param index="0">
              <value>
                <![CDATA[[TestResult name=Bc_TC_Block_PlayerData_firstName status=SUCCESS method=BlockList.Bc_TC_Block_PlayerData_firstName()[pri:0, instance:com.Cosmoslots.testCases.BlockList@1190200a] output={null}]]]>
              </value>
            </param>
          </params>
          <reporter-output>
          </reporter-output>
        </test-method> <!-- getResult -->
        <test-method is-config="true" signature="getResult(org.testng.ITestResult)[pri:0, instance:com.Cosmoslots.testCases.BlockList@1190200a]" started-at="2024-02-13T10:50:23 IST" name="getResult" finished-at="2024-02-13T10:50:23 IST" duration-ms="0" status="PASS">
          <params>
            <param index="0">
              <value>
                <![CDATA[[TestResult name=Bd_TC_Block_PlayerData_lastName status=SUCCESS method=BlockList.Bd_TC_Block_PlayerData_lastName()[pri:0, instance:com.Cosmoslots.testCases.BlockList@1190200a] output={null}]]]>
              </value>
            </param>
          </params>
          <reporter-output>
          </reporter-output>
        </test-method> <!-- getResult -->
        <test-method signature="Be_TC_Block_PlayerData_phone()[pri:0, instance:com.Cosmoslots.testCases.BlockList@1190200a]" started-at="2024-02-13T10:50:23 IST" name="Be_TC_Block_PlayerData_phone" finished-at="2024-02-13T10:50:34 IST" duration-ms="10656" status="PASS">
          <reporter-output>
          </reporter-output>
        </test-method> <!-- Be_TC_Block_PlayerData_phone -->
        <test-method is-config="true" signature="getResult(org.testng.ITestResult)[pri:0, instance:com.Cosmoslots.testCases.BlockList@1190200a]" started-at="2024-02-13T10:50:34 IST" name="getResult" finished-at="2024-02-13T10:50:34 IST" duration-ms="2" status="PASS">
          <params>
            <param index="0">
              <value>
                <![CDATA[[TestResult name=Be_TC_Block_PlayerData_phone status=SUCCESS method=BlockList.Be_TC_Block_PlayerData_phone()[pri:0, instance:com.Cosmoslots.testCases.BlockList@1190200a] output={null}]]]>
              </value>
            </param>
          </params>
          <reporter-output>
          </reporter-output>
        </test-method> <!-- getResult -->
        <test-method signature="C_TC_Block_ip_create()[pri:0, instance:com.Cosmoslots.testCases.BlockList@1190200a]" started-at="2024-02-13T10:50:34 IST" name="C_TC_Block_ip_create" finished-at="2024-02-13T10:50:43 IST" duration-ms="9275" status="PASS">
          <reporter-output>
          </reporter-output>
        </test-method> <!-- C_TC_Block_ip_create -->
        <test-method is-config="true" signature="getResult(org.testng.ITestResult)[pri:0, instance:com.Cosmoslots.testCases.BlockList@1190200a]" started-at="2024-02-13T10:50:43 IST" name="getResult" finished-at="2024-02-13T10:50:43 IST" duration-ms="1" status="PASS">
          <params>
            <param index="0">
              <value>
                <![CDATA[[TestResult name=C_TC_Block_ip_create status=SUCCESS method=BlockList.C_TC_Block_ip_create()[pri:0, instance:com.Cosmoslots.testCases.BlockList@1190200a] output={null}]]]>
              </value>
            </param>
          </params>
          <reporter-output>
          </reporter-output>
        </test-method> <!-- getResult -->
        <test-method signature="D_TC_Block_IP_search()[pri:0, instance:com.Cosmoslots.testCases.BlockList@1190200a]" started-at="2024-02-13T10:50:43 IST" name="D_TC_Block_IP_search" finished-at="2024-02-13T10:50:47 IST" duration-ms="3810" status="PASS">
          <reporter-output>
          </reporter-output>
        </test-method> <!-- D_TC_Block_IP_search -->
        <test-method is-config="true" signature="getResult(org.testng.ITestResult)[pri:0, instance:com.Cosmoslots.testCases.BlockList@1190200a]" started-at="2024-02-13T10:50:47 IST" name="getResult" finished-at="2024-02-13T10:50:47 IST" duration-ms="0" status="PASS">
          <params>
            <param index="0">
              <value>
                <![CDATA[[TestResult name=D_TC_Block_IP_search status=SUCCESS method=BlockList.D_TC_Block_IP_search()[pri:0, instance:com.Cosmoslots.testCases.BlockList@1190200a] output={null}]]]>
              </value>
            </param>
          </params>
          <reporter-output>
          </reporter-output>
        </test-method> <!-- getResult -->
        <test-method signature="E_TC_Block_IP_status()[pri:0, instance:com.Cosmoslots.testCases.BlockList@1190200a]" started-at="2024-02-13T10:50:47 IST" name="E_TC_Block_IP_status" finished-at="2024-02-13T10:50:49 IST" duration-ms="2307" status="PASS">
          <reporter-output>
          </reporter-output>
        </test-method> <!-- E_TC_Block_IP_status -->
        <test-method signature="F_TC_Block_IP_Edit()[pri:0, instance:com.Cosmoslots.testCases.BlockList@1190200a]" started-at="2024-02-13T10:50:49 IST" name="F_TC_Block_IP_Edit" finished-at="2024-02-13T10:50:51 IST" duration-ms="1408" status="PASS">
          <reporter-output>
          </reporter-output>
        </test-method> <!-- F_TC_Block_IP_Edit -->
        <test-method is-config="true" signature="getResult(org.testng.ITestResult)[pri:0, instance:com.Cosmoslots.testCases.BlockList@1190200a]" started-at="2024-02-13T10:50:49 IST" name="getResult" finished-at="2024-02-13T10:50:49 IST" duration-ms="0" status="PASS">
          <params>
            <param index="0">
              <value>
                <![CDATA[[TestResult name=E_TC_Block_IP_status status=SUCCESS method=BlockList.E_TC_Block_IP_status()[pri:0, instance:com.Cosmoslots.testCases.BlockList@1190200a] output={null}]]]>
              </value>
            </param>
          </params>
          <reporter-output>
          </reporter-output>
        </test-method> <!-- getResult -->
        <test-method signature="G_TC_Block_IP_delete()[pri:0, instance:com.Cosmoslots.testCases.BlockList@1190200a]" started-at="2024-02-13T10:50:51 IST" name="G_TC_Block_IP_delete" finished-at="2024-02-13T10:50:57 IST" duration-ms="6725" status="PASS">
          <reporter-output>
          </reporter-output>
        </test-method> <!-- G_TC_Block_IP_delete -->
        <test-method is-config="true" signature="getResult(org.testng.ITestResult)[pri:0, instance:com.Cosmoslots.testCases.BlockList@1190200a]" started-at="2024-02-13T10:50:51 IST" name="getResult" finished-at="2024-02-13T10:50:51 IST" duration-ms="0" status="PASS">
          <params>
            <param index="0">
              <value>
                <![CDATA[[TestResult name=F_TC_Block_IP_Edit status=SUCCESS method=BlockList.F_TC_Block_IP_Edit()[pri:0, instance:com.Cosmoslots.testCases.BlockList@1190200a] output={null}]]]>
              </value>
            </param>
          </params>
          <reporter-output>
          </reporter-output>
        </test-method> <!-- getResult -->
        <test-method is-config="true" signature="getResult(org.testng.ITestResult)[pri:0, instance:com.Cosmoslots.testCases.BlockList@1190200a]" started-at="2024-02-13T10:50:57 IST" name="getResult" finished-at="2024-02-13T10:50:57 IST" duration-ms="1" status="PASS">
          <params>
            <param index="0">
              <value>
                <![CDATA[[TestResult name=G_TC_Block_IP_delete status=SUCCESS method=BlockList.G_TC_Block_IP_delete()[pri:0, instance:com.Cosmoslots.testCases.BlockList@1190200a] output={null}]]]>
              </value>
            </param>
          </params>
          <reporter-output>
          </reporter-output>
        </test-method> <!-- getResult -->
        <test-method is-config="true" signature="reportflush()[pri:0, instance:com.Cosmoslots.testCases.BlockList@1190200a]" started-at="2024-02-13T10:50:57 IST" name="reportflush" finished-at="2024-02-13T10:50:57 IST" duration-ms="224" status="PASS">
          <reporter-output>
          </reporter-output>
        </test-method> <!-- reportflush -->
        <test-method is-config="true" signature="teardown()[pri:0, instance:com.Cosmoslots.testCases.BlockList@1190200a]" started-at="2024-02-13T10:53:56 IST" name="teardown" finished-at="2024-02-13T10:53:56 IST" duration-ms="228" status="PASS">
          <reporter-output>
          </reporter-output>
        </test-method> <!-- teardown -->
      </class> <!-- com.Cosmoslots.testCases.BlockList -->
      <class name="com.Cosmoslots.testCases.PlayerDeletionHistory">
        <test-method is-config="true" signature="extentsetup()[pri:0, instance:com.Cosmoslots.testCases.PlayerDeletionHistory@f79e]" started-at="2024-02-13T10:50:57 IST" name="extentsetup" finished-at="2024-02-13T10:50:57 IST" duration-ms="0" status="PASS">
          <reporter-output>
          </reporter-output>
        </test-method> <!-- extentsetup -->
        <test-method signature="A_TC_PlayerDeletionHistory_Redirect()[pri:0, instance:com.Cosmoslots.testCases.PlayerDeletionHistory@f79e]" started-at="2024-02-13T10:50:58 IST" name="A_TC_PlayerDeletionHistory_Redirect" finished-at="2024-02-13T10:51:00 IST" duration-ms="2660" status="PASS">
          <reporter-output>
          </reporter-output>
        </test-method> <!-- A_TC_PlayerDeletionHistory_Redirect -->
        <test-method is-config="true" signature="getResult(org.testng.ITestResult)[pri:0, instance:com.Cosmoslots.testCases.PlayerDeletionHistory@f79e]" started-at="2024-02-13T10:51:00 IST" name="getResult" finished-at="2024-02-13T10:51:00 IST" duration-ms="1" status="PASS">
          <params>
            <param index="0">
              <value>
                <![CDATA[[TestResult name=A_TC_PlayerDeletionHistory_Redirect status=SUCCESS method=PlayerDeletionHistory.A_TC_PlayerDeletionHistory_Redirect()[pri:0, instance:com.Cosmoslots.testCases.PlayerDeletionHistory@f79e] output={null}]]]>
              </value>
            </param>
          </params>
          <reporter-output>
          </reporter-output>
        </test-method> <!-- getResult -->
        <test-method signature="B_TC_PlayerDeletionHistory_ViewList()[pri:0, instance:com.Cosmoslots.testCases.PlayerDeletionHistory@f79e]" started-at="2024-02-13T10:51:00 IST" name="B_TC_PlayerDeletionHistory_ViewList" finished-at="2024-02-13T10:51:15 IST" duration-ms="14768" status="PASS">
          <reporter-output>
          </reporter-output>
        </test-method> <!-- B_TC_PlayerDeletionHistory_ViewList -->
        <test-method is-config="true" signature="getResult(org.testng.ITestResult)[pri:0, instance:com.Cosmoslots.testCases.PlayerDeletionHistory@f79e]" started-at="2024-02-13T10:51:15 IST" name="getResult" finished-at="2024-02-13T10:51:15 IST" duration-ms="1" status="PASS">
          <params>
            <param index="0">
              <value>
                <![CDATA[[TestResult name=B_TC_PlayerDeletionHistory_ViewList status=SUCCESS method=PlayerDeletionHistory.B_TC_PlayerDeletionHistory_ViewList()[pri:0, instance:com.Cosmoslots.testCases.PlayerDeletionHistory@f79e] output={null}]]]>
              </value>
            </param>
          </params>
          <reporter-output>
          </reporter-output>
        </test-method> <!-- getResult -->
        <test-method signature="D_TC_PlayerDeletionHistory_DownloadExcel()[pri:0, instance:com.Cosmoslots.testCases.PlayerDeletionHistory@f79e]" started-at="2024-02-13T10:51:15 IST" name="D_TC_PlayerDeletionHistory_DownloadExcel" finished-at="2024-02-13T10:51:17 IST" duration-ms="2094" status="PASS">
          <reporter-output>
          </reporter-output>
        </test-method> <!-- D_TC_PlayerDeletionHistory_DownloadExcel -->
        <test-method is-config="true" signature="getResult(org.testng.ITestResult)[pri:0, instance:com.Cosmoslots.testCases.PlayerDeletionHistory@f79e]" started-at="2024-02-13T10:51:17 IST" name="getResult" finished-at="2024-02-13T10:51:17 IST" duration-ms="0" status="PASS">
          <params>
            <param index="0">
              <value>
                <![CDATA[[TestResult name=D_TC_PlayerDeletionHistory_DownloadExcel status=SUCCESS method=PlayerDeletionHistory.D_TC_PlayerDeletionHistory_DownloadExcel()[pri:0, instance:com.Cosmoslots.testCases.PlayerDeletionHistory@f79e] output={null}]]]>
              </value>
            </param>
          </params>
          <reporter-output>
          </reporter-output>
        </test-method> <!-- getResult -->
        <test-method signature="E_TC_PlayerDeletionHistory_Search()[pri:0, instance:com.Cosmoslots.testCases.PlayerDeletionHistory@f79e]" started-at="2024-02-13T10:51:17 IST" name="E_TC_PlayerDeletionHistory_Search" finished-at="2024-02-13T10:51:21 IST" duration-ms="3813" status="PASS">
          <reporter-output>
          </reporter-output>
        </test-method> <!-- E_TC_PlayerDeletionHistory_Search -->
        <test-method signature="F_TC_PlayerDeletionHistory_ViewDeletedPlayerDetails()[pri:0, instance:com.Cosmoslots.testCases.PlayerDeletionHistory@f79e]" started-at="2024-02-13T10:51:21 IST" name="F_TC_PlayerDeletionHistory_ViewDeletedPlayerDetails" finished-at="2024-02-13T10:53:56 IST" duration-ms="154696" status="PASS">
          <reporter-output>
          </reporter-output>
        </test-method> <!-- F_TC_PlayerDeletionHistory_ViewDeletedPlayerDetails -->
        <test-method is-config="true" signature="getResult(org.testng.ITestResult)[pri:0, instance:com.Cosmoslots.testCases.PlayerDeletionHistory@f79e]" started-at="2024-02-13T10:51:21 IST" name="getResult" finished-at="2024-02-13T10:51:21 IST" duration-ms="0" status="PASS">
          <params>
            <param index="0">
              <value>
                <![CDATA[[TestResult name=E_TC_PlayerDeletionHistory_Search status=SUCCESS method=PlayerDeletionHistory.E_TC_PlayerDeletionHistory_Search()[pri:0, instance:com.Cosmoslots.testCases.PlayerDeletionHistory@f79e] output={null}]]]>
              </value>
            </param>
          </params>
          <reporter-output>
          </reporter-output>
        </test-method> <!-- getResult -->
        <test-method is-config="true" signature="reportflush()[pri:0, instance:com.Cosmoslots.testCases.PlayerDeletionHistory@f79e]" started-at="2024-02-13T10:53:56 IST" name="reportflush" finished-at="2024-02-13T10:53:56 IST" duration-ms="47" status="PASS">
          <reporter-output>
          </reporter-output>
        </test-method> <!-- reportflush -->
        <test-method is-config="true" signature="getResult(org.testng.ITestResult)[pri:0, instance:com.Cosmoslots.testCases.PlayerDeletionHistory@f79e]" started-at="2024-02-13T10:53:56 IST" name="getResult" finished-at="2024-02-13T10:53:56 IST" duration-ms="0" status="PASS">
          <params>
            <param index="0">
              <value>
                <![CDATA[[TestResult name=F_TC_PlayerDeletionHistory_ViewDeletedPlayerDetails status=SUCCESS method=PlayerDeletionHistory.F_TC_PlayerDeletionHistory_ViewDeletedPlayerDetails()[pri:0, instance:com.Cosmoslots.testCases.PlayerDeletionHistory@f79e] output={null}]]]>
              </value>
            </param>
          </params>
          <reporter-output>
          </reporter-output>
        </test-method> <!-- getResult -->
      </class> <!-- com.Cosmoslots.testCases.PlayerDeletionHistory -->
    </test> <!-- Cosmoslot -->
  </suite> <!-- Cosmoslots -->
</testng-results>
